<?xml version="1.0" encoding="UTF-8"?>
<testng-results ignored="0" total="2" passed="2" failed="0" skipped="0">
  <reporter-output>
  </reporter-output>
  <suite started-at="2025-12-04T11:09:20 IST" name="Suite" finished-at="2025-12-04T11:09:39 IST" duration-ms="18751">
    <groups>
      <group name="Master">
        <method signature="TC1_AccountRegistrationTest.verify_AccountRegistration()[pri:0, instance:TestCases.TC1_AccountRegistrationTest@4c178a76]" name="verify_AccountRegistration" class="TestCases.TC1_AccountRegistrationTest"/>
        <method signature="TC2_LogInTest.verify_LogIn()[pri:0, instance:TestCases.TC2_LogInTest@7770f470]" name="verify_LogIn" class="TestCases.TC2_LogInTest"/>
      </group> <!-- Master -->
      <group name="Sanity">
        <method signature="TC2_LogInTest.verify_LogIn()[pri:0, instance:TestCases.TC2_LogInTest@7770f470]" name="verify_LogIn" class="TestCases.TC2_LogInTest"/>
      </group> <!-- Sanity -->
      <group name="Regression">
        <method signature="TC1_AccountRegistrationTest.verify_AccountRegistration()[pri:0, instance:TestCases.TC1_AccountRegistrationTest@4c178a76]" name="verify_AccountRegistration" class="TestCases.TC1_AccountRegistrationTest"/>
      </group> <!-- Regression -->
    </groups>
    <test started-at="2025-12-04T11:09:20 IST" name="ChromeTest" finished-at="2025-12-04T11:09:39 IST" duration-ms="18751">
      <class name="TestCases.TC1_AccountRegistrationTest">
        <test-method is-config="true" signature="setUp(java.lang.String,java.lang.String)[pri:0, instance:TestCases.TC1_AccountRegistrationTest@4c178a76]" started-at="2025-12-04T11:09:21 IST" name="setUp" finished-at="2025-12-04T11:09:28 IST" duration-ms="7332" status="PASS">
          <params>
            <param index="0">
              <value>
                <![CDATA[Windows]]>
              </value>
            </param>
            <param index="1">
              <value>
                <![CDATA[chrome]]>
              </value>
            </param>
          </params>
          <reporter-output>
          </reporter-output>
        </test-method> <!-- setUp -->
        <test-method signature="verify_AccountRegistration()[pri:0, instance:TestCases.TC1_AccountRegistrationTest@4c178a76]" started-at="2025-12-04T11:09:28 IST" name="verify_AccountRegistration" finished-at="2025-12-04T11:09:31 IST" duration-ms="3247" status="PASS">
          <reporter-output>
          </reporter-output>
        </test-method> <!-- verify_AccountRegistration -->
        <test-method is-config="true" signature="tearDown()[pri:0, instance:TestCases.TC1_AccountRegistrationTest@4c178a76]" started-at="2025-12-04T11:09:31 IST" name="tearDown" finished-at="2025-12-04T11:09:32 IST" duration-ms="736" status="PASS">
          <reporter-output>
          </reporter-output>
        </test-method> <!-- tearDown -->
      </class> <!-- TestCases.TC1_AccountRegistrationTest -->
      <class name="TestCases.TC2_LogInTest">
        <test-method is-config="true" signature="setUp(java.lang.String,java.lang.String)[pri:0, instance:TestCases.TC2_LogInTest@7770f470]" started-at="2025-12-04T11:09:32 IST" name="setUp" finished-at="2025-12-04T11:09:36 IST" duration-ms="4027" status="PASS">
          <params>
            <param index="0">
              <value>
                <![CDATA[Windows]]>
              </value>
            </param>
            <param index="1">
              <value>
                <![CDATA[chrome]]>
              </value>
            </param>
          </params>
          <reporter-output>
          </reporter-output>
        </test-method> <!-- setUp -->
        <test-method signature="verify_LogIn()[pri:0, instance:TestCases.TC2_LogInTest@7770f470]" started-at="2025-12-04T11:09:36 IST" name="verify_LogIn" finished-at="2025-12-04T11:09:38 IST" duration-ms="2014" status="PASS">
          <reporter-output>
          </reporter-output>
        </test-method> <!-- verify_LogIn -->
        <test-method is-config="true" signature="tearDown()[pri:0, instance:TestCases.TC2_LogInTest@7770f470]" started-at="2025-12-04T11:09:38 IST" name="tearDown" finished-at="2025-12-04T11:09:39 IST" duration-ms="655" status="PASS">
          <reporter-output>
          </reporter-output>
        </test-method> <!-- tearDown -->
      </class> <!-- TestCases.TC2_LogInTest -->
    </test> <!-- ChromeTest -->
  </suite> <!-- Suite -->
</testng-results>
